nohup: ignoring input
ad73a012aaf0554efa1cd2c483ff05f2637234306c04d326c745643265074f3f  XZs/all_10M.sgf.xz
71ab0c72e98f20238df1967a8e6dd469cbc87e51809efc3f8c892637fc88a08f  SGFs/all_10M.sgf
f5ffa1e0bc82739e57233e2058783285d3b4cc00ff409ba4fb0ba525699fd7cc  XZs/all_11M.sgf.xz
7fa21745548e60bc33f474dd6f5dcffe84e4ca0651e08627a1dc70ad0d3f0500  SGFs/all_11M.sgf
1dd09fffd884c0769a25aec9b84320c2925e2857719f98d3bc6d877b970f41cd  XZs/all_12M.sgf.xz
3f8e1400199c35a8af384379699cc6b78a87cc044e2ec0fba40c165250fe05a7  SGFs/all_12M.sgf
fc125aa900a6e4abebe0eff7866bc955a16ab02c86298b8c67cae0f6cc913fb6  XZs/all_13M.sgf.xz
efea29a413aca676204f297c53b09034ccc6b9a487f2f40c239398e31a5d7194  SGFs/all_13M.sgf
ce6ebfcfee5da18a232582d4579d945400979f7eccc7005dea9f3bf932bb6395  XZs/all_14M.sgf.xz
59a9cdc6e5924cd78fa59aeb29741bf87acdb19bdcf374672fc21e6805bc2d6d  SGFs/all_14M.sgf
8f36d919bf8e590bc329bf57d9ae47fc185c5aaffc975452a2d4476d4af7a854  XZs/all_15M.sgf.xz
0d4448e96878a2e599974ea9c0c9e370fb4d36326b3d13a33b825e08a161e44c  SGFs/all_15M.sgf
ca4d470410b03dfbf0ceb565834e76233b5cba5758f6026077800cdbb1a4e4a5  XZs/all_16M.sgf.xz
a02696e3c2e84982086acecd0b2b7d8d03171d41a0778b743c630534f9b5d3e3  SGFs/all_16M.sgf
92e89aa0b06ec63875f2ee36aa6340631f0245761e34a443bc1e96ae10203096  XZs/all_17M.sgf.xz
3f75e67783f6cbd540e52225d82fdfe2db7b65583ee75aef1120390b59e0216d  SGFs/all_17M.sgf
27cf324864e33f994d1e78d951c3c48becdbbb5f053727751ef880869e16daf2  XZs/all_18M.sgf.xz
88747f1b39c56a0f47d59478968d0a3454b8dca8470895dc9a4bfd9f27ae8a54  SGFs/all_18M.sgf
f5ccc90447d3030afd13e1a797f0e1f4db4447dd316019a015f8bddfcade0ea0  XZs/all_19M.sgf.xz
c4fd2363be0269cbf42dcce698bbf21b228f9f034ba38748e3c5497b07cfee6b  SGFs/all_19M.sgf
4c814d7b8b037ce3587cb711f93965dca98926447a1c091e3bfe220fa2c64a9e  XZs/all_1M.sgf.xz
aee83e595be0dea03bd06d4e155b57a4534a9e04abea3e042ffc6030e8554f38  SGFs/all_1M.sgf
a4be9a6bb20839e74ed0528e0156b075312c3e3712ef7b57451b9de2bba38f6d  XZs/all_20M.sgf.xz
aac00895e14b6387c6c0d53b27ce1002042f03576baa2e245e3f34b5099f3a8b  SGFs/all_20M.sgf
bc4817b586a0f167fa445ef236a67b57b9da6041b756ff614c46c1b689f9f040  XZs/all_2M.sgf.xz
d1e904de226c7aeef3ed274edcdaae5eb1507bc9b620a47d19a1114db144b53c  SGFs/all_2M.sgf
ee42ae95b616e37b0692cced7e44e96440d48628fc12c6b94956696b652226d8  XZs/all_3M.sgf.xz
4070a6ba0aa64f271b5bd048f114d93eeb0616206a76af9222cda9c8d19b55bf  SGFs/all_3M.sgf
a441132a43be0f7eeb2017f80551e4846e6053d9e28ad2fcbe9d718ed3097272  XZs/all_4M.sgf.xz
857f04d02983d1550702bb494935b71ef433c1982690df87ae8ff421e28b7254  SGFs/all_4M.sgf
c4e41b70b45d24cb9f3b8ab5078ed55cf6662ef8f14d020a518a74a8387870df  XZs/all_5M.sgf.xz
5508512042e6f29e071522ee77bffa5b0207f63f5a9fe43c5a9a89c20e05f760  SGFs/all_5M.sgf
e5c24bc4a893c9ead1fccf2d60df6647b1f58987b1850f7a3252265b10cd1953  XZs/all_6M.sgf.xz
34ffcec7f80b2df326efd6f8d33ab7ffff991b19ec882a5881ff6de79c5a6ca6  SGFs/all_6M.sgf
1ebcf837bc65c7ed902bc8bd23e5c3a26319ee329bb056e2e123c344e239ad53  XZs/all_7M.sgf.xz
6195d178b03093efe6e28cf10a98bafc26d095395eb85d075c11e3c93503c18a  SGFs/all_7M.sgf
fe38072adeb28df88b2cfd4a7c4541212776c7a0a9c192e515505ad91468fc5a  XZs/all_8M.sgf.xz
ea08758fedd8aaba549b617fd51c5bb5bb9bdd164050b99feb5cbe462f39594f  SGFs/all_8M.sgf
6fe34f80013d556d2d8dd4fc803aa187ba537af05be5ac193eccc34abbbaf81d  XZs/all_9M.sgf.xz
b27e1d7ab0fd4bf8d18c242451cbf2fa1b3333acedc9e915dbdf0551c8c03137  SGFs/all_9M.sgf
all_10M.sgf
all_11M.sgf
all_12M.sgf
all_13M.sgf
all_14M.sgf
all_15M.sgf
all_16M.sgf
all_17M.sgf
all_18M.sgf
all_19M.sgf
all_1M.sgf
all_20M.sgf
all_2M.sgf
all_3M.sgf
all_4M.sgf
all_5M.sgf
all_6M.sgf
all_7M.sgf
19677350:;B[os];W[sr];B[ss];W[hf];B[ph];W[hl];B[re];W(;GM[1]FF[4]RU[Chinese]DT[2018-04-14]SZ[19]KM[7.5]PB[Leela Zero 0.13 c0cb605b]PW[Leela Zero 0.13 c0cb605b]RE[W+Resign]
21243170:;B[gp];W[hi];B[ij];W[hj];B[ik];W[hk];B[jk];W[ih];B(;GM[1]FF[4]RU[Chinese]DT[2018-04-16]SZ[19]KM[7.5]PB[Leela Zero 0.13 f3231682]PW[Leela Zero 0.13 f3231682]RE[B+Resign]
22326566:;B[hj];W[ch];(;GM[1]FF[4]RU[Chinese]DT[2018-04-18]SZ[19]KM[7.5]PB[Leela Zero 0.13 8a045bce]PW[Leela Zero 0.13 8a045bce]RE[W+Resign]
22998550:;B[nl];W[ml];B[kn];W[ln];B[ok];(;GM[1]FF[4]RU[Chinese]DT[2018-04-18]SZ[19]KM[7.5]PB[Leela Zero 0.13 e8601c38]PW[Leela Zero 0.13 e8601c38]RE[B+Resign]
23120371:;B[rc];W[dr];B[hs];W[ls];B[dq];W[qb];B[pb];W[dr];B[ki];W(;GM[1]FF[4]RU[Chinese]DT[2018-04-18]SZ[19]KM[7.5]PB[Leela Zero 0.13 e8601c38]PW[Leela Zero 0.13 e8601c38]RE[B+25.5]
25736930:;B[as];W[cr];B[ds];W[bs];B[qn];W[cr];B[rn];W[gc];B[lc];W(;GM[1]FF[4]RU[Chinese]DT[2018-04-23]SZ[19]KM[7.5]PB[Leela Zero 0.13 3f6c8dd8]PW[Leela Zero 0.13 3f6c8dd8]RE[B+23.5]
all_8M.sgf
14108680:;B[ol];W[ok];B[nl];W[bk];B[nk];W[rm];B[rn];W[ri];B(;GM[1]FF[4]RU[Chinese]DT[2018-05-28]SZ[19]KM[7.5]PB[Leela Zero 0.15 9e882e52]PW[Leela Zero 0.15 9e882e52]RE[B+Resign]
14116538:;B[ni];W[oi];B[oh];W[nh];B[mh];W[ph];B[pi];W[oj];B(;GM[1]FF[4]RU[Chinese]DT[2018-05-28]SZ[19]KM[7.5]PB[Leela Zero 0.15 62b5417b]PW[Leela Zero 0.15 62b5417b]RE[W+Resign]
17692316:;B[hg];W[ml];B[sb];(;GM[1]FF[4]RU[Chinese]DT[2018-06-05]SZ[19]KM[7.5]PB[Leela Zero 0.15 62b5417b]PW[Leela Zero 0.15 62b5417b]RE[B+Resign]
all_9M.sgf
unxz&checksum&tr Complete:all_10M.sgf.xz
unxz&checksum&tr Complete:all_11M.sgf.xz
unxz&checksum&tr Complete:all_12M.sgf.xz
unxz&checksum&tr Complete:all_13M.sgf.xz
unxz&checksum&tr Complete:all_14M.sgf.xz
unxz&checksum&tr Complete:all_15M.sgf.xz
unxz&checksum&tr Complete:all_16M.sgf.xz
unxz&checksum&tr Complete:all_17M.sgf.xz
unxz&checksum&tr Complete:all_18M.sgf.xz
unxz&checksum&tr Complete:all_19M.sgf.xz
unxz&checksum&tr Complete:all_1M.sgf.xz
unxz&checksum&tr Complete:all_20M.sgf.xz
unxz&checksum&tr Complete:all_2M.sgf.xz
unxz&checksum&tr Complete:all_3M.sgf.xz
unxz&checksum&tr Complete:all_4M.sgf.xz
unxz&checksum&tr Complete:all_5M.sgf.xz
unxz&checksum&tr Complete:all_6M.sgf.xz
unxz&checksum&tr Complete:all_7M.sgf.xz
unxz&checksum&tr Complete:all_8M.sgf.xz
unxz&checksum&tr Complete:all_9M.sgf.xz
xzs_list:20,check_list:20
--- 848.2539455890656 seconds --- File  
Game Integrity Check Complete:all_10M.sgf
Game Integrity Check Complete:all_11M.sgf
Game Integrity Check Complete:all_12M.sgf
Game Integrity Check Complete:all_13M.sgf
Game Integrity Check Complete:all_14M.sgf
Game Integrity Check Complete:all_15M.sgf
Game Integrity Check Complete:all_16M.sgf
Game Integrity Check Complete:all_17M.sgf
Game Integrity Check Complete:all_18M.sgf
Game Integrity Check Complete:all_19M.sgf
Game Integrity Check Complete:all_1M.sgf
Game Integrity Check Complete:all_20M.sgf
Game Integrity Check Complete:all_2M.sgf
Game Integrity Check Complete:all_3M.sgf
Game Integrity Check Complete:all_4M.sgf
Game Integrity Check Complete:all_5M.sgf
Game Integrity Check Complete:all_6M.sgf
Game Integrity Check Complete:all_7M.sgf
Game Integrity Check Complete:all_8M.sgf
Game Integrity Check Complete:all_9M.sgf
--- 996.0922191143036 seconds --- IntegrityCheck Finished！ 
