nohup: ignoring input
all_15M.sgf
all_12M.sgf
all_14M.sgf
all_11M.sgf
all_4M.sgf
all_7M.sgf
19677350:;B[os];W[sr];B[ss];W[hf];B[ph];W[hl];B[re];W(;GM[1]FF[4]RU[Chinese]DT[2018-04-14]SZ[19]KM[7.5]PB[Leela Zero 0.13 c0cb605b]PW[Leela Zero 0.13 c0cb605b]RE[W+Resign]
21243170:;B[gp];W[hi];B[ij];W[hj];B[ik];W[hk];B[jk];W[ih];B(;GM[1]FF[4]RU[Chinese]DT[2018-04-16]SZ[19]KM[7.5]PB[Leela Zero 0.13 f3231682]PW[Leela Zero 0.13 f3231682]RE[B+Resign]
22326566:;B[hj];W[ch];(;GM[1]FF[4]RU[Chinese]DT[2018-04-18]SZ[19]KM[7.5]PB[Leela Zero 0.13 8a045bce]PW[Leela Zero 0.13 8a045bce]RE[W+Resign]
22998550:;B[nl];W[ml];B[kn];W[ln];B[ok];(;GM[1]FF[4]RU[Chinese]DT[2018-04-18]SZ[19]KM[7.5]PB[Leela Zero 0.13 e8601c38]PW[Leela Zero 0.13 e8601c38]RE[B+Resign]
23120371:;B[rc];W[dr];B[hs];W[ls];B[dq];W[qb];B[pb];W[dr];B[ki];W(;GM[1]FF[4]RU[Chinese]DT[2018-04-18]SZ[19]KM[7.5]PB[Leela Zero 0.13 e8601c38]PW[Leela Zero 0.13 e8601c38]RE[B+25.5]
25736930:;B[as];W[cr];B[ds];W[bs];B[qn];W[cr];B[rn];W[gc];B[lc];W(;GM[1]FF[4]RU[Chinese]DT[2018-04-23]SZ[19]KM[7.5]PB[Leela Zero 0.13 3f6c8dd8]PW[Leela Zero 0.13 3f6c8dd8]RE[B+23.5]
all_17M.sgf
all_16M.sgf
all_18M.sgf
all_9M.sgf
all_5M.sgf
all_10M.sgf
all_8M.sgf
14108680:;B[ol];W[ok];B[nl];W[bk];B[nk];W[rm];B[rn];W[ri];B(;GM[1]FF[4]RU[Chinese]DT[2018-05-28]SZ[19]KM[7.5]PB[Leela Zero 0.15 9e882e52]PW[Leela Zero 0.15 9e882e52]RE[B+Resign]
14116538:;B[ni];W[oi];B[oh];W[nh];B[mh];W[ph];B[pi];W[oj];B(;GM[1]FF[4]RU[Chinese]DT[2018-05-28]SZ[19]KM[7.5]PB[Leela Zero 0.15 62b5417b]PW[Leela Zero 0.15 62b5417b]RE[W+Resign]
17692316:;B[hg];W[ml];B[sb];(;GM[1]FF[4]RU[Chinese]DT[2018-06-05]SZ[19]KM[7.5]PB[Leela Zero 0.15 62b5417b]PW[Leela Zero 0.15 62b5417b]RE[B+Resign]
all_1M.sgf
all_3M.sgf
all_13M.sgf
all_2M.sgf
all_6M.sgf
Game Integrity Check Complete:all_15M.sgf
Game Integrity Check Complete:all_12M.sgf
Game Integrity Check Complete:all_14M.sgf
Game Integrity Check Complete:all_11M.sgf
Game Integrity Check Complete:all_4M.sgf
Game Integrity Check Complete:all_7M.sgf
Game Integrity Check Complete:all_17M.sgf
Game Integrity Check Complete:all_16M.sgf
Game Integrity Check Complete:all_18M.sgf
Game Integrity Check Complete:all_9M.sgf
Game Integrity Check Complete:all_5M.sgf
Game Integrity Check Complete:all_10M.sgf
Game Integrity Check Complete:all_8M.sgf
Game Integrity Check Complete:all_1M.sgf
Game Integrity Check Complete:all_3M.sgf
Game Integrity Check Complete:all_13M.sgf
Game Integrity Check Complete:all_2M.sgf
Game Integrity Check Complete:all_6M.sgf
--- 199.05460739135742 seconds ---
